e:\gdp\semester 2\ai\project2\physics2_project3_balls_chasing\firstopengl\debug\vc141.pdb
e:\gdp\semester 2\ai\project2\physics2_project3_balls_chasing\firstopengl\debug\vc141.idb
e:\gdp\semester 2\ai\project2\physics2_project3_balls_chasing\firstopengl\debug\cgameobject.obj
e:\gdp\semester 2\ai\project2\physics2_project3_balls_chasing\firstopengl\debug\cmesh.obj
e:\gdp\semester 2\ai\project2\physics2_project3_balls_chasing\firstopengl\debug\cshader.obj
e:\gdp\semester 2\ai\project2\physics2_project3_balls_chasing\firstopengl\debug\cshadermanager.obj
e:\gdp\semester 2\ai\project2\physics2_project3_balls_chasing\firstopengl\debug\ctriangle.obj
e:\gdp\semester 2\ai\project2\physics2_project3_balls_chasing\firstopengl\debug\cvaomeshmanager.obj
e:\gdp\semester 2\ai\project2\physics2_project3_balls_chasing\firstopengl\debug\cvertex_xyz_rgb.obj
e:\gdp\semester 2\ai\project2\physics2_project3_balls_chasing\firstopengl\debug\themain.obj
e:\gdp\semester 2\ai\project2\physics2_project3_balls_chasing\firstopengl\debug\utilities.obj
e:\gdp\semester 2\ai\project2\physics2_project3_balls_chasing\firstopengl\debug\modelutilities.obj
e:\gdp\semester 2\ai\project2\physics2_project3_balls_chasing\firstopengl\debug\glad.obj
e:\gdp\semester 2\ai\project2\physics2_project3_balls_chasing\debug\firstopengl.pdb
e:\gdp\semester 2\ai\project2\physics2_project3_balls_chasing\debug\firstopengl.exe
e:\gdp\semester 2\ai\project2\physics2_project3_balls_chasing\debug\firstopengl.ilk
e:\gdp\semester 2\ai\project2\physics2_project3_balls_chasing\firstopengl\debug\firstopengl.tlog\cl.command.1.tlog
e:\gdp\semester 2\ai\project2\physics2_project3_balls_chasing\firstopengl\debug\firstopengl.tlog\cl.read.1.tlog
e:\gdp\semester 2\ai\project2\physics2_project3_balls_chasing\firstopengl\debug\firstopengl.tlog\cl.write.1.tlog
e:\gdp\semester 2\ai\project2\physics2_project3_balls_chasing\firstopengl\debug\firstopengl.tlog\link.command.1.tlog
e:\gdp\semester 2\ai\project2\physics2_project3_balls_chasing\firstopengl\debug\firstopengl.tlog\link.read.1.tlog
e:\gdp\semester 2\ai\project2\physics2_project3_balls_chasing\firstopengl\debug\firstopengl.tlog\link.write.1.tlog
